C51 COMPILER V9.60.0.0   I2C                                                               12/23/2023 11:58:25 PAGE 1   


C51 COMPILER V9.60.0.0, COMPILATION OF MODULE I2C
OBJECT MODULE PLACED IN .\Objects\i2c.obj
COMPILER INVOKED BY: C:\Keil_v5\C51\BIN\C51.EXE i2c.c OPTIMIZE(8,SPEED) BROWSE DEBUG OBJECTEXTEND PRINT(.\Listings\i2c.l
                    -st) TABS(2) OBJECT(.\Objects\i2c.obj)

line level    source

   1          #include"i2c.h"
   2          
   3          
   4          void Delay10us()
   5          {
   6   1        unsigned char a,b;
   7   1        for(b=1;b>0;b--)
   8   1          for(a=2;a>0;a--);
   9   1      
  10   1      }
  11          
  12          
  13          void I2cStart()
  14          {
  15   1        SDA=1;
  16   1        Delay10us();
  17   1        SCL=1;
  18   1        Delay10us();
  19   1        SDA=0;
  20   1        Delay10us();
  21   1        SCL=0;      
  22   1        Delay10us();    
  23   1      }
  24          
  25          
  26          void I2cStop()
  27          {
  28   1        SDA=0;
  29   1        Delay10us();
  30   1        SCL=1;
  31   1        Delay10us();
  32   1        SDA=1;
  33   1        Delay10us();    
  34   1      }
  35          
  36          
  37          unsigned char I2cSendByte(unsigned char dat)
  38          {
  39   1        unsigned char a=0,b=0;
  40   1        for(a=0;a<8;a++)
  41   1        {
  42   2          SDA=dat>>7;  
  43   2          dat=dat<<1;
  44   2          Delay10us();
  45   2          SCL=1;
  46   2          Delay10us();
  47   2          SCL=0;
  48   2          Delay10us();    
  49   2        }
  50   1        SDA=1;
  51   1        Delay10us();
  52   1        SCL=1;
  53   1        while(SDA)
  54   1        {
C51 COMPILER V9.60.0.0   I2C                                                               12/23/2023 11:58:25 PAGE 2   

  55   2          b++;
  56   2          if(b>200)  
  57   2          {
  58   3            SCL=0;
  59   3            Delay10us();
  60   3            return 0;
  61   3          }
  62   2        }
  63   1        SCL=0;
  64   1        Delay10us();
  65   1        return 1;   
  66   1      }
  67          
  68          
  69          
  70          unsigned char I2cReadByte()
  71          {
  72   1        unsigned char a=0,dat=0;
  73   1        SDA=1;      
  74   1        Delay10us();
  75   1        for(a=0;a<8;a++)
  76   1        {
  77   2          SCL=1;
  78   2          Delay10us();
  79   2          dat<<=1;
  80   2          dat|=SDA;
  81   2          Delay10us();
  82   2          SCL=0;
  83   2          Delay10us();
  84   2        }
  85   1        return dat;   
  86   1      }
  87          
  88          //void I2cReadRespon()
  89          //{
  90          //  SDA=0;
  91          //  Delay10us();
  92          //  SDA=1;
  93          //  Delay10us();
  94          //}


MODULE INFORMATION:   STATIC OVERLAYABLE
   CODE SIZE        =    186    ----
   CONSTANT SIZE    =   ----    ----
   XDATA SIZE       =   ----    ----
   PDATA SIZE       =   ----    ----
   DATA SIZE        =   ----    ----
   IDATA SIZE       =   ----    ----
   BIT SIZE         =   ----    ----
END OF MODULE INFORMATION.


C51 COMPILATION COMPLETE.  0 WARNING(S),  0 ERROR(S)
